------------------------------
Fichero log - DEUSTOMARKET
------------------------------

[INFO]   Propiedades cargadas con éxito
[INFO]   BD inicializada
[INFO]   Sentencia ejecutada correctamente
[INFO]   Sentencia ejecutada correctamente
[INFO]   Sentencia ejecutada correctamente
[INFO]   Sentencia ejecutada correctamente
[INFO]   Sentencia ejecutada correctamente
[INFO]   Sentencia ejecutada correctamente
[INFO]   Sentencia ejecutada correctamente
[INFO]   Ciudad añadida
[INFO]   Ciudad añadida
[INFO]   Ciudad añadida
[INFO]   Ciudad añadida
[INFO]   Ciudad añadida
[INFO]   Ciudad añadida
[INFO]   Ciudad añadida
[INFO]   Ciudad añadida
[INFO]   Ciudad añadida
[INFO]   Ciudad añadida
[INFO]   Ciudad añadida
[INFO]   empleado añadido
[INFO]   empleado añadido
[INFO]   empleado añadido
[INFO]   empleado añadido
[INFO]   empleado añadido
[INFO]   empleado añadido
[INFO]   Producto añadido
[INFO]   Producto añadido
[INFO]   Producto añadido
[INFO]   Producto añadido
[INFO]   Producto añadido
[INFO]   Producto añadido
[INFO]   Provincia añadida
[INFO]   Provincia añadida
[INFO]   Provincia añadida
[INFO]   Provincia añadida
[INFO]   Provincia añadida
[INFO]   Provincia añadida
[INFO]   Provincia añadida
[INFO]   Supermercado añadido
[INFO]   Supermercado añadido
[INFO]   Supermercado añadido
[INFO]   Supermercado añadido
[INFO]   Supermercado añadido
[INFO]   Supermercado añadido
[INFO]   Supermercado añadido
[INFO]   Trabaja añadido
[INFO]   Trabaja añadido
[INFO]   Trabaja añadido
[INFO]   Trabaja añadido
[INFO]   Trabaja añadido
[INFO]   Vende añadido
[INFO]   Vende añadido
[INFO]   Vende añadido
[INFO]   Vende añadido
[INFO]   Vende añadido